# JRE version: OpenJDK Runtime Environment Temurin-17.0.13+11 (17.0.13+11) (build 17.0.13+11)
# Java VM: OpenJDK 64-Bit Server VM Temurin-17.0.13+11 (17.0.13+11, mixed mode, tiered, compressed oops, compressed class ptrs, parallel gc, windows-amd64)
GC Precious Log:
 CPUs: 8 total, 8 available
 Memory: 16072M
 Large Page Support: Disabled
 NUMA Support: Disabled
 Compressed Oops: Enabled (32-bit)
 Alignments: Space 512K, Generation 512K, Heap 2M
 Heap Min Capacity: 100M
 Heap Initial Capacity: 100M
 Heap Max Capacity: 1G
 Pre-touch: Disabled
 Parallel Workers: 8
Heap:
 PSYoungGen      total 25600K, used 20970K [0x00000000eab00000, 0x00000000ecc00000, 0x0000000100000000)
  eden space 19456K, 78% used [0x00000000eab00000,0x00000000eb9e2a08,0x00000000ebe00000)
  from space 6144K, 93% used [0x00000000ec600000,0x00000000ecb98020,0x00000000ecc00000)
  to   space 6656K, 0% used [0x00000000ebf00000,0x00000000ebf00000,0x00000000ec580000)
 ParOldGen       total 91136K, used 69640K [0x00000000c0000000, 0x00000000c5900000, 0x00000000eab00000)
  object space 91136K, 76% used [0x00000000c0000000,0x00000000c4402088,0x00000000c5900000)
 Metaspace       used 73750K, committed 75072K, reserved 1179648K
  class space    used 7885K, committed 8448K, reserved 1048576K
GC Heap History (20 events):
Event: 15.885 GC heap after
{Heap after GC invocations=39 (full 3):
 PSYoungGen      total 21504K, used 2018K [0x00000000eab00000, 0x00000000ec300000, 0x0000000100000000)
  eden space 19456K, 0% used [0x00000000eab00000,0x00000000eab00000,0x00000000ebe00000)
  from space 2048K, 98% used [0x00000000ec100000,0x00000000ec2f8800,0x00000000ec300000)
  to   space 2560K, 0% used [0x00000000ebe00000,0x00000000ebe00000,0x00000000ec080000)
 ParOldGen       total 68608K, used 42003K [0x00000000c0000000, 0x00000000c4300000, 0x00000000eab00000)
  object space 68608K, 61% used [0x00000000c0000000,0x00000000c2904e30,0x00000000c4300000)
 Metaspace       used 68707K, committed 69888K, reserved 1114112K
  class space    used 7390K, committed 7872K, reserved 1048576K
}
Event: 15.954 GC heap before
{Heap before GC invocations=40 (full 3):
 PSYoungGen      total 21504K, used 21474K [0x00000000eab00000, 0x00000000ec300000, 0x0000000100000000)
  eden space 19456K, 100% used [0x00000000eab00000,0x00000000ebe00000,0x00000000ebe00000)
  from space 2048K, 98% used [0x00000000ec100000,0x00000000ec2f8800,0x00000000ec300000)
  to   space 2560K, 0% used [0x00000000ebe00000,0x00000000ebe00000,0x00000000ec080000)
 ParOldGen       total 68608K, used 42003K [0x00000000c0000000, 0x00000000c4300000, 0x00000000eab00000)
  object space 68608K, 61% used [0x00000000c0000000,0x00000000c2904e30,0x00000000c4300000)
 Metaspace       used 68781K, committed 69952K, reserved 1114112K
  class space    used 7394K, committed 7872K, reserved 1048576K
}
Event: 15.956 GC heap after
{Heap after GC invocations=40 (full 3):
 PSYoungGen      total 20992K, used 1152K [0x00000000eab00000, 0x00000000ec180000, 0x0000000100000000)
  eden space 19456K, 0% used [0x00000000eab00000,0x00000000eab00000,0x00000000ebe00000)
  from space 1536K, 75% used [0x00000000ebe00000,0x00000000ebf20010,0x00000000ebf80000)
  to   space 1536K, 0% used [0x00000000ec000000,0x00000000ec000000,0x00000000ec180000)
 ParOldGen       total 68608K, used 43941K [0x00000000c0000000, 0x00000000c4300000, 0x00000000eab00000)
  object space 68608K, 64% used [0x00000000c0000000,0x00000000c2ae9630,0x00000000c4300000)
 Metaspace       used 68781K, committed 69952K, reserved 1114112K
  class space    used 7394K, committed 7872K, reserved 1048576K
}
Event: 16.177 GC heap before
{Heap before GC invocations=41 (full 3):
 PSYoungGen      total 20992K, used 20595K [0x00000000eab00000, 0x00000000ec180000, 0x0000000100000000)
  eden space 19456K, 99% used [0x00000000eab00000,0x00000000ebdfccc0,0x00000000ebe00000)
  from space 1536K, 75% used [0x00000000ebe00000,0x00000000ebf20010,0x00000000ebf80000)
  to   space 1536K, 0% used [0x00000000ec000000,0x00000000ec000000,0x00000000ec180000)
 ParOldGen       total 68608K, used 43941K [0x00000000c0000000, 0x00000000c4300000, 0x00000000eab00000)
  object space 68608K, 64% used [0x00000000c0000000,0x00000000c2ae9630,0x00000000c4300000)
 Metaspace       used 69370K, committed 70528K, reserved 1114112K
  class space    used 7442K, committed 7936K, reserved 1048576K
}
Event: 16.178 GC heap after
{Heap after GC invocations=41 (full 3):
 PSYoungGen      total 20480K, used 889K [0x00000000eab00000, 0x00000000ec100000, 0x0000000100000000)
  eden space 19456K, 0% used [0x00000000eab00000,0x00000000eab00000,0x00000000ebe00000)
  from space 1024K, 86% used [0x00000000ec000000,0x00000000ec0de470,0x00000000ec100000)
  to   space 1536K, 0% used [0x00000000ebe00000,0x00000000ebe00000,0x00000000ebf80000)
 ParOldGen       total 68608K, used 44948K [0x00000000c0000000, 0x00000000c4300000, 0x00000000eab00000)
  object space 68608K, 65% used [0x00000000c0000000,0x00000000c2be5030,0x00000000c4300000)
 Metaspace       used 69370K, committed 70528K, reserved 1114112K
  class space    used 7442K, committed 7936K, reserved 1048576K
}
Event: 16.287 GC heap before
{Heap before GC invocations=42 (full 3):
 PSYoungGen      total 20480K, used 20229K [0x00000000eab00000, 0x00000000ec100000, 0x0000000100000000)
  eden space 19456K, 99% used [0x00000000eab00000,0x00000000ebde3000,0x00000000ebe00000)
  from space 1024K, 86% used [0x00000000ec000000,0x00000000ec0de470,0x00000000ec100000)
  to   space 1536K, 0% used [0x00000000ebe00000,0x00000000ebe00000,0x00000000ebf80000)
 ParOldGen       total 68608K, used 44948K [0x00000000c0000000, 0x00000000c4300000, 0x00000000eab00000)
  object space 68608K, 65% used [0x00000000c0000000,0x00000000c2be5030,0x00000000c4300000)
 Metaspace       used 70491K, committed 71808K, reserved 1114112K
  class space    used 7584K, committed 8192K, reserved 1048576K
}
Event: 16.288 GC heap after
{Heap after GC invocations=42 (full 3):
 PSYoungGen      total 20992K, used 1521K [0x00000000eab00000, 0x00000000ec400000, 0x0000000100000000)
  eden space 19456K, 0% used [0x00000000eab00000,0x00000000eab00000,0x00000000ebe00000)
  from space 1536K, 99% used [0x00000000ebe00000,0x00000000ebf7c7f0,0x00000000ebf80000)
  to   space 3072K, 0% used [0x00000000ec100000,0x00000000ec100000,0x00000000ec400000)
 ParOldGen       total 68608K, used 45974K [0x00000000c0000000, 0x00000000c4300000, 0x00000000eab00000)
  object space 68608K, 67% used [0x00000000c0000000,0x00000000c2ce5a18,0x00000000c4300000)
 Metaspace       used 70491K, committed 71808K, reserved 1114112K
  class space    used 7584K, committed 8192K, reserved 1048576K
}
Event: 16.588 GC heap before
{Heap before GC invocations=43 (full 3):
 PSYoungGen      total 20992K, used 20974K [0x00000000eab00000, 0x00000000ec400000, 0x0000000100000000)
  eden space 19456K, 99% used [0x00000000eab00000,0x00000000ebdff3a0,0x00000000ebe00000)
  from space 1536K, 99% used [0x00000000ebe00000,0x00000000ebf7c7f0,0x00000000ebf80000)
  to   space 3072K, 0% used [0x00000000ec100000,0x00000000ec100000,0x00000000ec400000)
 ParOldGen       total 68608K, used 45974K [0x00000000c0000000, 0x00000000c4300000, 0x00000000eab00000)
  object space 68608K, 67% used [0x00000000c0000000,0x00000000c2ce5a18,0x00000000c4300000)
 Metaspace       used 72577K, committed 73792K, reserved 1179648K
  class space    used 7786K, committed 8320K, reserved 1048576K
}
Event: 16.589 GC heap after
{Heap after GC invocations=43 (full 3):
 PSYoungGen      total 22016K, used 2475K [0x00000000eab00000, 0x00000000ec380000, 0x0000000100000000)
  eden space 19456K, 0% used [0x00000000eab00000,0x00000000eab00000,0x00000000ebe00000)
  from space 2560K, 96% used [0x00000000ec100000,0x00000000ec36adc8,0x00000000ec380000)
  to   space 2560K, 0% used [0x00000000ebe80000,0x00000000ebe80000,0x00000000ec100000)
 ParOldGen       total 68608K, used 47418K [0x00000000c0000000, 0x00000000c4300000, 0x00000000eab00000)
  object space 68608K, 69% used [0x00000000c0000000,0x00000000c2e4e920,0x00000000c4300000)
 Metaspace       used 72577K, committed 73792K, reserved 1179648K
  class space    used 7786K, committed 8320K, reserved 1048576K
}
Event: 16.650 GC heap before
{Heap before GC invocations=44 (full 3):
 PSYoungGen      total 22016K, used 20501K [0x00000000eab00000, 0x00000000ec380000, 0x0000000100000000)
  eden space 19456K, 92% used [0x00000000eab00000,0x00000000ebc9a870,0x00000000ebe00000)
  from space 2560K, 96% used [0x00000000ec100000,0x00000000ec36adc8,0x00000000ec380000)
  to   space 2560K, 0% used [0x00000000ebe80000,0x00000000ebe80000,0x00000000ec100000)
 ParOldGen       total 68608K, used 47418K [0x00000000c0000000, 0x00000000c4300000, 0x00000000eab00000)
  object space 68608K, 69% used [0x00000000c0000000,0x00000000c2e4e920,0x00000000c4300000)
 Metaspace       used 73143K, committed 74432K, reserved 1179648K
  class space    used 7849K, committed 8384K, reserved 1048576K
}
Event: 16.652 GC heap after
{Heap after GC invocations=44 (full 3):
 PSYoungGen      total 22016K, used 2535K [0x00000000eab00000, 0x00000000ec800000, 0x0000000100000000)
  eden space 19456K, 0% used [0x00000000eab00000,0x00000000eab00000,0x00000000ebe00000)
  from space 2560K, 99% used [0x00000000ebe80000,0x00000000ec0f9d90,0x00000000ec100000)
  to   space 5120K, 0% used [0x00000000ec300000,0x00000000ec300000,0x00000000ec800000)
 ParOldGen       total 68608K, used 49368K [0x00000000c0000000, 0x00000000c4300000, 0x00000000eab00000)
  object space 68608K, 71% used [0x00000000c0000000,0x00000000c30362b0,0x00000000c4300000)
 Metaspace       used 73143K, committed 74432K, reserved 1179648K
  class space    used 7849K, committed 8384K, reserved 1048576K
}
Event: 16.728 GC heap before
{Heap before GC invocations=45 (full 3):
 PSYoungGen      total 22016K, used 21991K [0x00000000eab00000, 0x00000000ec800000, 0x0000000100000000)
  eden space 19456K, 100% used [0x00000000eab00000,0x00000000ebe00000,0x00000000ebe00000)
  from space 2560K, 99% used [0x00000000ebe80000,0x00000000ec0f9d90,0x00000000ec100000)
  to   space 5120K, 0% used [0x00000000ec300000,0x00000000ec300000,0x00000000ec800000)
 ParOldGen       total 91136K, used 86707K [0x00000000c0000000, 0x00000000c5900000, 0x00000000eab00000)
  object space 91136K, 95% used [0x00000000c0000000,0x00000000c54ace00,0x00000000c5900000)
 Metaspace       used 73180K, committed 74432K, reserved 1179648K
  class space    used 7852K, committed 8384K, reserved 1048576K
}
Event: 16.730 GC heap after
{Heap after GC invocations=45 (full 3):
 PSYoungGen      total 21504K, used 1984K [0x00000000eab00000, 0x00000000ec500000, 0x0000000100000000)
  eden space 19456K, 0% used [0x00000000eab00000,0x00000000eab00000,0x00000000ebe00000)
  from space 2048K, 96% used [0x00000000ec300000,0x00000000ec4f0000,0x00000000ec500000)
  to   space 3072K, 0% used [0x00000000ebf00000,0x00000000ebf00000,0x00000000ec200000)
 ParOldGen       total 91136K, used 86825K [0x00000000c0000000, 0x00000000c5900000, 0x00000000eab00000)
  object space 91136K, 95% used [0x00000000c0000000,0x00000000c54ca780,0x00000000c5900000)
 Metaspace       used 73180K, committed 74432K, reserved 1179648K
  class space    used 7852K, committed 8384K, reserved 1048576K
}
Event: 16.744 GC heap before
{Heap before GC invocations=46 (full 3):
 PSYoungGen      total 21504K, used 21440K [0x00000000eab00000, 0x00000000ec500000, 0x0000000100000000)
  eden space 19456K, 100% used [0x00000000eab00000,0x00000000ebe00000,0x00000000ebe00000)
  from space 2048K, 96% used [0x00000000ec300000,0x00000000ec4f0000,0x00000000ec500000)
  to   space 3072K, 0% used [0x00000000ebf00000,0x00000000ebf00000,0x00000000ec200000)
 ParOldGen       total 91136K, used 86825K [0x00000000c0000000, 0x00000000c5900000, 0x00000000eab00000)
  object space 91136K, 95% used [0x00000000c0000000,0x00000000c54ca780,0x00000000c5900000)
 Metaspace       used 73187K, committed 74432K, reserved 1179648K
  class space    used 7852K, committed 8384K, reserved 1048576K
}
Event: 16.747 GC heap after
{Heap after GC invocations=46 (full 3):
 PSYoungGen      total 22528K, used 3040K [0x00000000eab00000, 0x00000000ecc00000, 0x0000000100000000)
  eden space 19456K, 0% used [0x00000000eab00000,0x00000000eab00000,0x00000000ebe00000)
  from space 3072K, 98% used [0x00000000ebf00000,0x00000000ec1f8020,0x00000000ec200000)
  to   space 7168K, 0% used [0x00000000ec500000,0x00000000ec500000,0x00000000ecc00000)
 ParOldGen       total 91136K, used 89913K [0x00000000c0000000, 0x00000000c5900000, 0x00000000eab00000)
  object space 91136K, 98% used [0x00000000c0000000,0x00000000c57ce780,0x00000000c5900000)
 Metaspace       used 73187K, committed 74432K, reserved 1179648K
  class space    used 7852K, committed 8384K, reserved 1048576K
}
Event: 16.761 GC heap before
{Heap before GC invocations=47 (full 4):
 PSYoungGen      total 22528K, used 22496K [0x00000000eab00000, 0x00000000ecc00000, 0x0000000100000000)
  eden space 19456K, 100% used [0x00000000eab00000,0x00000000ebe00000,0x00000000ebe00000)
  from space 3072K, 98% used [0x00000000ebf00000,0x00000000ec1f8020,0x00000000ec200000)
  to   space 7168K, 0% used [0x00000000ec500000,0x00000000ec500000,0x00000000ecc00000)
 ParOldGen       total 91136K, used 89913K [0x00000000c0000000, 0x00000000c5900000, 0x00000000eab00000)
  object space 91136K, 98% used [0x00000000c0000000,0x00000000c57ce780,0x00000000c5900000)
 Metaspace       used 73198K, committed 74496K, reserved 1179648K
  class space    used 7853K, committed 8384K, reserved 1048576K
}
Event: 16.808 GC heap after
{Heap after GC invocations=47 (full 4):
 PSYoungGen      total 26624K, used 0K [0x00000000eab00000, 0x00000000ecc00000, 0x0000000100000000)
  eden space 19456K, 0% used [0x00000000eab00000,0x00000000eab00000,0x00000000ebe00000)
  from space 7168K, 0% used [0x00000000ec500000,0x00000000ec500000,0x00000000ecc00000)
  to   space 7168K, 0% used [0x00000000ebe00000,0x00000000ebe00000,0x00000000ec500000)
 ParOldGen       total 91136K, used 62124K [0x00000000c0000000, 0x00000000c5900000, 0x00000000eab00000)
  object space 91136K, 68% used [0x00000000c0000000,0x00000000c3cab150,0x00000000c5900000)
 Metaspace       used 73191K, committed 74496K, reserved 1179648K
  class space    used 7851K, committed 8384K, reserved 1048576K
}
Event: 16.825 GC heap before
{Heap before GC invocations=48 (full 4):
 PSYoungGen      total 26624K, used 19456K [0x00000000eab00000, 0x00000000ecc00000, 0x0000000100000000)
  eden space 19456K, 100% used [0x00000000eab00000,0x00000000ebe00000,0x00000000ebe00000)
  from space 7168K, 0% used [0x00000000ec500000,0x00000000ec500000,0x00000000ecc00000)
  to   space 7168K, 0% used [0x00000000ebe00000,0x00000000ebe00000,0x00000000ec500000)
 ParOldGen       total 91136K, used 62126K [0x00000000c0000000, 0x00000000c5900000, 0x00000000eab00000)
  object space 91136K, 68% used [0x00000000c0000000,0x00000000c3cab9f8,0x00000000c5900000)
 Metaspace       used 73400K, committed 74688K, reserved 1179648K
  class space    used 7868K, committed 8448K, reserved 1048576K
}
Event: 16.828 GC heap after
{Heap after GC invocations=48 (full 4):
 PSYoungGen      total 26624K, used 7149K [0x00000000eab00000, 0x00000000ece00000, 0x0000000100000000)
  eden space 19456K, 0% used [0x00000000eab00000,0x00000000eab00000,0x00000000ebe00000)
  from space 7168K, 99% used [0x00000000ebe00000,0x00000000ec4fb460,0x00000000ec500000)
  to   space 8192K, 0% used [0x00000000ec600000,0x00000000ec600000,0x00000000ece00000)
 ParOldGen       total 91136K, used 62526K [0x00000000c0000000, 0x00000000c5900000, 0x00000000eab00000)
  object space 91136K, 68% used [0x00000000c0000000,0x00000000c3d0f9f8,0x00000000c5900000)
 Metaspace       used 73400K, committed 74688K, reserved 1179648K
  class space    used 7868K, committed 8448K, reserved 1048576K
}
Event: 16.842 GC heap before
{Heap before GC invocations=49 (full 4):
 PSYoungGen      total 26624K, used 26605K [0x00000000eab00000, 0x00000000ece00000, 0x0000000100000000)
  eden space 19456K, 100% used [0x00000000eab00000,0x00000000ebe00000,0x00000000ebe00000)
  from space 7168K, 99% used [0x00000000ebe00000,0x00000000ec4fb460,0x00000000ec500000)
  to   space 8192K, 0% used [0x00000000ec600000,0x00000000ec600000,0x00000000ece00000)
 ParOldGen       total 91136K, used 62526K [0x00000000c0000000, 0x00000000c5900000, 0x00000000eab00000)
  object space 91136K, 68% used [0x00000000c0000000,0x00000000c3d0f9f8,0x00000000c5900000)
 Metaspace       used 73593K, committed 74880K, reserved 1179648K
  class space    used 7878K, committed 8448K, reserved 1048576K
}

